<?xml version="1.0" encoding="UTF-8"?>
<!-- Generated by org.testng.reporters.JUnitXMLReporter -->
<testsuite ignored="0" hostname="Amits-MBP.hitronhub.home" failures="2" tests="8" name="Travel App Testcases" time="133.549" errors="0" timestamp="2021-11-26T17:11:31 GMT-04:00">
  <testcase classname="com.qa.tests.LoginPageTest" name="loginPageTitleTest" time="0.041"/>
  <testcase classname="com.qa.tests.LoginPageTest" name="loignTest" time="3.114"/>
  <testcase classname="com.qa.tests.HomePageTest" name="homePageTitleTest" time="2.015"/>
  <testcase classname="com.qa.tests.HomePageTest" name="usernameDiplayTest" time="0.115"/>
  <testcase classname="com.qa.tests.HomePageTest" name="clickAgentTest" time="6.391"/>
  <testcase classname="com.qa.tests.AgentPageTest" name="addAgentsTest" time="26.369">
    <failure type="org.openqa.selenium.NoSuchElementException" message="Unable to locate element: #\/\/div\[\@id\=\&amp;apos;s2id_autogen1\&amp;apos;\]
For documentation on this error, please visit: https://selenium.dev/exceptions/#no_such_element
Build info: version: &amp;apos;4.0.0&amp;apos;, revision: &amp;apos;3a21814679&amp;apos;
System info: host: &amp;apos;Amits-MBP.hitronhub.home&amp;apos;, ip: &amp;apos;192.168.0.21&amp;apos;, os.name: &amp;apos;Mac OS X&amp;apos;, os.arch: &amp;apos;x86_64&amp;apos;, os.version: &amp;apos;10.15.7&amp;apos;, java.version: &amp;apos;15.0.1&amp;apos;
Driver info: org.openqa.selenium.firefox.FirefoxDriver
Command: [f10df202-24b0-e846-b94b-b406caadcbc2, findElement {using=id, value=//div[@id=&amp;apos;s2id_autogen1&amp;apos;]}]
Capabilities {acceptInsecureCerts: true, browserName: firefox, browserVersion: 94.0.1, javascriptEnabled: true, moz:accessibilityChecks: false, moz:buildID: 20211103134640, moz:debuggerAddress: localhost:52991, moz:geckodriverVersion: 0.30.0, moz:headless: false, moz:processID: 2006, moz:profile: /var/folders/w0/3l79sfr911v..., moz:shutdownTimeout: 60000, moz:useNonSpecCompliantPointerOrigin: false, moz:webdriverClick: true, pageLoadStrategy: normal, platform: MAC, platformName: MAC, platformVersion: 19.6.0, proxy: Proxy(), se:cdp: ws://localhost:52991/devtoo..., se:cdpVersion: 85, setWindowRect: true, strictFileInteractability: false, timeouts: {implicit: 0, pageLoad: 300000, script: 30000}, unhandledPromptBehavior: dismiss and notify}
Session ID: f10df202-24b0-e846-b94b-b406caadcbc2">
      <![CDATA[org.openqa.selenium.NoSuchElementException: Unable to locate element: #\/\/div\[\@id\=\'s2id_autogen1\'\]
For documentation on this error, please visit: https://selenium.dev/exceptions/#no_such_element
Build info: version: '4.0.0', revision: '3a21814679'
System info: host: 'Amits-MBP.hitronhub.home', ip: '192.168.0.21', os.name: 'Mac OS X', os.arch: 'x86_64', os.version: '10.15.7', java.version: '15.0.1'
Driver info: org.openqa.selenium.firefox.FirefoxDriver
Command: [f10df202-24b0-e846-b94b-b406caadcbc2, findElement {using=id, value=//div[@id='s2id_autogen1']}]
Capabilities {acceptInsecureCerts: true, browserName: firefox, browserVersion: 94.0.1, javascriptEnabled: true, moz:accessibilityChecks: false, moz:buildID: 20211103134640, moz:debuggerAddress: localhost:52991, moz:geckodriverVersion: 0.30.0, moz:headless: false, moz:processID: 2006, moz:profile: /var/folders/w0/3l79sfr911v..., moz:shutdownTimeout: 60000, moz:useNonSpecCompliantPointerOrigin: false, moz:webdriverClick: true, pageLoadStrategy: normal, platform: MAC, platformName: MAC, platformVersion: 19.6.0, proxy: Proxy(), se:cdp: ws://localhost:52991/devtoo..., se:cdpVersion: 85, setWindowRect: true, strictFileInteractability: false, timeouts: {implicit: 0, pageLoad: 300000, script: 30000}, unhandledPromptBehavior: dismiss and notify}
Session ID: f10df202-24b0-e846-b94b-b406caadcbc2
at org.openqa.selenium.remote.codec.w3c.W3CHttpResponseCodec.createException(W3CHttpResponseCodec.java:200)
at org.openqa.selenium.remote.codec.w3c.W3CHttpResponseCodec.decode(W3CHttpResponseCodec.java:133)
at org.openqa.selenium.remote.codec.w3c.W3CHttpResponseCodec.decode(W3CHttpResponseCodec.java:53)
at org.openqa.selenium.remote.HttpCommandExecutor.execute(HttpCommandExecutor.java:184)
at org.openqa.selenium.remote.service.DriverCommandExecutor.invokeExecute(DriverCommandExecutor.java:164)
at org.openqa.selenium.remote.service.DriverCommandExecutor.execute(DriverCommandExecutor.java:139)
at org.openqa.selenium.remote.RemoteWebDriver.execute(RemoteWebDriver.java:559)
at org.openqa.selenium.remote.ElementLocation$ElementFinder$2.findElement(ElementLocation.java:162)
at org.openqa.selenium.remote.ElementLocation.findElement(ElementLocation.java:66)
at org.openqa.selenium.remote.RemoteWebDriver.findElement(RemoteWebDriver.java:383)
at org.openqa.selenium.remote.RemoteWebDriver.findElement(RemoteWebDriver.java:375)
at com.qa.pages.AgentPage.addAgentData(AgentPage.java:48)
at com.qa.tests.AgentPageTest.addAgentsTest(AgentPageTest.java:52)
at java.base/java.util.ArrayList.forEach(ArrayList.java:1511)
... Removed 32 stack frames]]>
    </failure>
  </testcase> <!-- addAgentsTest -->
  <testcase classname="com.qa.tests.AgentPageTest" name="addAgentsTest" time="26.465">
    <failure type="org.openqa.selenium.NoSuchElementException" message="Unable to locate element: #\/\/div\[\@id\=\&amp;apos;s2id_autogen1\&amp;apos;\]
For documentation on this error, please visit: https://selenium.dev/exceptions/#no_such_element
Build info: version: &amp;apos;4.0.0&amp;apos;, revision: &amp;apos;3a21814679&amp;apos;
System info: host: &amp;apos;Amits-MBP.hitronhub.home&amp;apos;, ip: &amp;apos;192.168.0.21&amp;apos;, os.name: &amp;apos;Mac OS X&amp;apos;, os.arch: &amp;apos;x86_64&amp;apos;, os.version: &amp;apos;10.15.7&amp;apos;, java.version: &amp;apos;15.0.1&amp;apos;
Driver info: org.openqa.selenium.firefox.FirefoxDriver
Command: [0e6eb80b-589f-e74a-90c8-0cbc42540819, findElement {using=id, value=//div[@id=&amp;apos;s2id_autogen1&amp;apos;]}]
Capabilities {acceptInsecureCerts: true, browserName: firefox, browserVersion: 94.0.1, javascriptEnabled: true, moz:accessibilityChecks: false, moz:buildID: 20211103134640, moz:debuggerAddress: localhost:58934, moz:geckodriverVersion: 0.30.0, moz:headless: false, moz:processID: 2011, moz:profile: /var/folders/w0/3l79sfr911v..., moz:shutdownTimeout: 60000, moz:useNonSpecCompliantPointerOrigin: false, moz:webdriverClick: true, pageLoadStrategy: normal, platform: MAC, platformName: MAC, platformVersion: 19.6.0, proxy: Proxy(), se:cdp: ws://localhost:58934/devtoo..., se:cdpVersion: 85, setWindowRect: true, strictFileInteractability: false, timeouts: {implicit: 0, pageLoad: 300000, script: 30000}, unhandledPromptBehavior: dismiss and notify}
Session ID: 0e6eb80b-589f-e74a-90c8-0cbc42540819">
      <![CDATA[org.openqa.selenium.NoSuchElementException: Unable to locate element: #\/\/div\[\@id\=\'s2id_autogen1\'\]
For documentation on this error, please visit: https://selenium.dev/exceptions/#no_such_element
Build info: version: '4.0.0', revision: '3a21814679'
System info: host: 'Amits-MBP.hitronhub.home', ip: '192.168.0.21', os.name: 'Mac OS X', os.arch: 'x86_64', os.version: '10.15.7', java.version: '15.0.1'
Driver info: org.openqa.selenium.firefox.FirefoxDriver
Command: [0e6eb80b-589f-e74a-90c8-0cbc42540819, findElement {using=id, value=//div[@id='s2id_autogen1']}]
Capabilities {acceptInsecureCerts: true, browserName: firefox, browserVersion: 94.0.1, javascriptEnabled: true, moz:accessibilityChecks: false, moz:buildID: 20211103134640, moz:debuggerAddress: localhost:58934, moz:geckodriverVersion: 0.30.0, moz:headless: false, moz:processID: 2011, moz:profile: /var/folders/w0/3l79sfr911v..., moz:shutdownTimeout: 60000, moz:useNonSpecCompliantPointerOrigin: false, moz:webdriverClick: true, pageLoadStrategy: normal, platform: MAC, platformName: MAC, platformVersion: 19.6.0, proxy: Proxy(), se:cdp: ws://localhost:58934/devtoo..., se:cdpVersion: 85, setWindowRect: true, strictFileInteractability: false, timeouts: {implicit: 0, pageLoad: 300000, script: 30000}, unhandledPromptBehavior: dismiss and notify}
Session ID: 0e6eb80b-589f-e74a-90c8-0cbc42540819
at org.openqa.selenium.remote.codec.w3c.W3CHttpResponseCodec.createException(W3CHttpResponseCodec.java:200)
at org.openqa.selenium.remote.codec.w3c.W3CHttpResponseCodec.decode(W3CHttpResponseCodec.java:133)
at org.openqa.selenium.remote.codec.w3c.W3CHttpResponseCodec.decode(W3CHttpResponseCodec.java:53)
at org.openqa.selenium.remote.HttpCommandExecutor.execute(HttpCommandExecutor.java:184)
at org.openqa.selenium.remote.service.DriverCommandExecutor.invokeExecute(DriverCommandExecutor.java:164)
at org.openqa.selenium.remote.service.DriverCommandExecutor.execute(DriverCommandExecutor.java:139)
at org.openqa.selenium.remote.RemoteWebDriver.execute(RemoteWebDriver.java:559)
at org.openqa.selenium.remote.ElementLocation$ElementFinder$2.findElement(ElementLocation.java:162)
at org.openqa.selenium.remote.ElementLocation.findElement(ElementLocation.java:66)
at org.openqa.selenium.remote.RemoteWebDriver.findElement(RemoteWebDriver.java:383)
at org.openqa.selenium.remote.RemoteWebDriver.findElement(RemoteWebDriver.java:375)
at com.qa.pages.AgentPage.addAgentData(AgentPage.java:48)
at com.qa.tests.AgentPageTest.addAgentsTest(AgentPageTest.java:52)
at java.base/java.util.ArrayList.forEach(ArrayList.java:1511)
... Removed 32 stack frames]]>
    </failure>
  </testcase> <!-- addAgentsTest -->
  <testcase classname="com.qa.tests.AgentPageTest" name="agentPageTitleTest" time="0.058"/>
</testsuite> <!-- Travel App Testcases -->
