<?xml version="1.0" encoding="UTF-8"?>
<testng-results ignored="0" total="8" passed="6" failed="2" skipped="0">
  <reporter-output>
  </reporter-output>
  <suite started-at="2021-11-26T17:09:18 GMT-04:00" name="PHPTravel" finished-at="2021-11-26T17:11:31 GMT-04:00" duration-ms="133549">
    <groups>
    </groups>
    <test started-at="2021-11-26T17:09:18 GMT-04:00" name="Travel App Testcases" finished-at="2021-11-26T17:11:31 GMT-04:00" duration-ms="133549">
      <class name="com.qa.tests.HomePageTest">
        <test-method is-config="true" signature="beforeMethod()[pri:0, instance:com.qa.tests.HomePageTest@49049a04]" started-at="2021-11-26T17:09:39 GMT-04:00" name="beforeMethod" finished-at="2021-11-26T17:09:46 GMT-04:00" duration-ms="7669" status="PASS">
          <reporter-output>
          </reporter-output>
        </test-method> <!-- beforeMethod -->
        <test-method signature="homePageTitleTest()[pri:1, instance:com.qa.tests.HomePageTest@49049a04]" started-at="2021-11-26T17:09:46 GMT-04:00" name="homePageTitleTest" finished-at="2021-11-26T17:09:48 GMT-04:00" duration-ms="2015" status="PASS">
          <reporter-output>
          </reporter-output>
        </test-method> <!-- homePageTitleTest -->
        <test-method is-config="true" signature="afterMethod()[pri:0, instance:com.qa.tests.HomePageTest@49049a04]" started-at="2021-11-26T17:09:48 GMT-04:00" name="afterMethod" finished-at="2021-11-26T17:09:49 GMT-04:00" duration-ms="808" status="PASS">
          <reporter-output>
          </reporter-output>
        </test-method> <!-- afterMethod -->
        <test-method is-config="true" signature="beforeMethod()[pri:0, instance:com.qa.tests.HomePageTest@49049a04]" started-at="2021-11-26T17:09:49 GMT-04:00" name="beforeMethod" finished-at="2021-11-26T17:09:57 GMT-04:00" duration-ms="7316" status="PASS">
          <reporter-output>
          </reporter-output>
        </test-method> <!-- beforeMethod -->
        <test-method signature="usernameDiplayTest()[pri:2, instance:com.qa.tests.HomePageTest@49049a04]" started-at="2021-11-26T17:09:57 GMT-04:00" name="usernameDiplayTest" finished-at="2021-11-26T17:09:57 GMT-04:00" duration-ms="115" status="PASS">
          <reporter-output>
          </reporter-output>
        </test-method> <!-- usernameDiplayTest -->
        <test-method is-config="true" signature="afterMethod()[pri:0, instance:com.qa.tests.HomePageTest@49049a04]" started-at="2021-11-26T17:09:57 GMT-04:00" name="afterMethod" finished-at="2021-11-26T17:09:58 GMT-04:00" duration-ms="873" status="PASS">
          <reporter-output>
          </reporter-output>
        </test-method> <!-- afterMethod -->
        <test-method is-config="true" signature="beforeMethod()[pri:0, instance:com.qa.tests.HomePageTest@49049a04]" started-at="2021-11-26T17:09:58 GMT-04:00" name="beforeMethod" finished-at="2021-11-26T17:10:05 GMT-04:00" duration-ms="7639" status="PASS">
          <reporter-output>
          </reporter-output>
        </test-method> <!-- beforeMethod -->
        <test-method signature="clickAgentTest()[pri:3, instance:com.qa.tests.HomePageTest@49049a04]" started-at="2021-11-26T17:10:05 GMT-04:00" name="clickAgentTest" finished-at="2021-11-26T17:10:12 GMT-04:00" duration-ms="6391" status="PASS">
          <reporter-output>
          </reporter-output>
        </test-method> <!-- clickAgentTest -->
        <test-method is-config="true" signature="afterMethod()[pri:0, instance:com.qa.tests.HomePageTest@49049a04]" started-at="2021-11-26T17:10:12 GMT-04:00" name="afterMethod" finished-at="2021-11-26T17:10:12 GMT-04:00" duration-ms="832" status="PASS">
          <reporter-output>
          </reporter-output>
        </test-method> <!-- afterMethod -->
      </class> <!-- com.qa.tests.HomePageTest -->
      <class name="com.qa.tests.AgentPageTest">
        <test-method is-config="true" signature="beforeMethod()[pri:0, instance:com.qa.tests.AgentPageTest@71a8adcf]" started-at="2021-11-26T17:10:13 GMT-04:00" name="beforeMethod" finished-at="2021-11-26T17:10:21 GMT-04:00" duration-ms="7782" status="PASS">
          <reporter-output>
          </reporter-output>
        </test-method> <!-- beforeMethod -->
        <test-method signature="addAgentsTest(java.lang.String,java.lang.String,java.lang.String,java.lang.String,java.lang.String)[pri:0, instance:com.qa.tests.AgentPageTest@71a8adcf]" started-at="2021-11-26T17:10:21 GMT-04:00" name="addAgentsTest" data-provider="agentData" finished-at="2021-11-26T17:10:47 GMT-04:00" duration-ms="26369" status="FAIL">
          <params>
            <param index="0">
              <value>
                <![CDATA[Test1]]>
              </value>
            </param>
            <param index="1">
              <value>
                <![CDATA[User1]]>
              </value>
            </param>
            <param index="2">
              <value>
                <![CDATA[test@gmail.com]]>
              </value>
            </param>
            <param index="3">
              <value>
                <![CDATA[test@123456]]>
              </value>
            </param>
            <param index="4">
              <value>
                <![CDATA[AF]]>
              </value>
            </param>
          </params>
          <exception class="org.openqa.selenium.NoSuchElementException">
            <message>
              <![CDATA[Unable to locate element: #\/\/div\[\@id\=\'s2id_autogen1\'\]
For documentation on this error, please visit: https://selenium.dev/exceptions/#no_such_element
Build info: version: '4.0.0', revision: '3a21814679'
System info: host: 'Amits-MBP.hitronhub.home', ip: '192.168.0.21', os.name: 'Mac OS X', os.arch: 'x86_64', os.version: '10.15.7', java.version: '15.0.1'
Driver info: org.openqa.selenium.firefox.FirefoxDriver
Command: [f10df202-24b0-e846-b94b-b406caadcbc2, findElement {using=id, value=//div[@id='s2id_autogen1']}]
Capabilities {acceptInsecureCerts: true, browserName: firefox, browserVersion: 94.0.1, javascriptEnabled: true, moz:accessibilityChecks: false, moz:buildID: 20211103134640, moz:debuggerAddress: localhost:52991, moz:geckodriverVersion: 0.30.0, moz:headless: false, moz:processID: 2006, moz:profile: /var/folders/w0/3l79sfr911v..., moz:shutdownTimeout: 60000, moz:useNonSpecCompliantPointerOrigin: false, moz:webdriverClick: true, pageLoadStrategy: normal, platform: MAC, platformName: MAC, platformVersion: 19.6.0, proxy: Proxy(), se:cdp: ws://localhost:52991/devtoo..., se:cdpVersion: 85, setWindowRect: true, strictFileInteractability: false, timeouts: {implicit: 0, pageLoad: 300000, script: 30000}, unhandledPromptBehavior: dismiss and notify}
Session ID: f10df202-24b0-e846-b94b-b406caadcbc2]]>
            </message>
            <full-stacktrace>
              <![CDATA[org.openqa.selenium.NoSuchElementException: Unable to locate element: #\/\/div\[\@id\=\'s2id_autogen1\'\]
For documentation on this error, please visit: https://selenium.dev/exceptions/#no_such_element
Build info: version: '4.0.0', revision: '3a21814679'
System info: host: 'Amits-MBP.hitronhub.home', ip: '192.168.0.21', os.name: 'Mac OS X', os.arch: 'x86_64', os.version: '10.15.7', java.version: '15.0.1'
Driver info: org.openqa.selenium.firefox.FirefoxDriver
Command: [f10df202-24b0-e846-b94b-b406caadcbc2, findElement {using=id, value=//div[@id='s2id_autogen1']}]
Capabilities {acceptInsecureCerts: true, browserName: firefox, browserVersion: 94.0.1, javascriptEnabled: true, moz:accessibilityChecks: false, moz:buildID: 20211103134640, moz:debuggerAddress: localhost:52991, moz:geckodriverVersion: 0.30.0, moz:headless: false, moz:processID: 2006, moz:profile: /var/folders/w0/3l79sfr911v..., moz:shutdownTimeout: 60000, moz:useNonSpecCompliantPointerOrigin: false, moz:webdriverClick: true, pageLoadStrategy: normal, platform: MAC, platformName: MAC, platformVersion: 19.6.0, proxy: Proxy(), se:cdp: ws://localhost:52991/devtoo..., se:cdpVersion: 85, setWindowRect: true, strictFileInteractability: false, timeouts: {implicit: 0, pageLoad: 300000, script: 30000}, unhandledPromptBehavior: dismiss and notify}
Session ID: f10df202-24b0-e846-b94b-b406caadcbc2
at java.base/jdk.internal.reflect.NativeConstructorAccessorImpl.newInstance0(Native Method)
at java.base/jdk.internal.reflect.NativeConstructorAccessorImpl.newInstance(NativeConstructorAccessorImpl.java:64)
at java.base/jdk.internal.reflect.DelegatingConstructorAccessorImpl.newInstance(DelegatingConstructorAccessorImpl.java:45)
at java.base/java.lang.reflect.Constructor.newInstanceWithCaller(Constructor.java:500)
at java.base/java.lang.reflect.Constructor.newInstance(Constructor.java:481)
at org.openqa.selenium.remote.codec.w3c.W3CHttpResponseCodec.createException(W3CHttpResponseCodec.java:200)
at org.openqa.selenium.remote.codec.w3c.W3CHttpResponseCodec.decode(W3CHttpResponseCodec.java:133)
at org.openqa.selenium.remote.codec.w3c.W3CHttpResponseCodec.decode(W3CHttpResponseCodec.java:53)
at org.openqa.selenium.remote.HttpCommandExecutor.execute(HttpCommandExecutor.java:184)
at org.openqa.selenium.remote.service.DriverCommandExecutor.invokeExecute(DriverCommandExecutor.java:164)
at org.openqa.selenium.remote.service.DriverCommandExecutor.execute(DriverCommandExecutor.java:139)
at org.openqa.selenium.remote.RemoteWebDriver.execute(RemoteWebDriver.java:559)
at org.openqa.selenium.remote.ElementLocation$ElementFinder$2.findElement(ElementLocation.java:162)
at org.openqa.selenium.remote.ElementLocation.findElement(ElementLocation.java:66)
at org.openqa.selenium.remote.RemoteWebDriver.findElement(RemoteWebDriver.java:383)
at org.openqa.selenium.remote.RemoteWebDriver.findElement(RemoteWebDriver.java:375)
at com.qa.pages.AgentPage.addAgentData(AgentPage.java:48)
at com.qa.tests.AgentPageTest.addAgentsTest(AgentPageTest.java:52)
at java.base/jdk.internal.reflect.NativeMethodAccessorImpl.invoke0(Native Method)
at java.base/jdk.internal.reflect.NativeMethodAccessorImpl.invoke(NativeMethodAccessorImpl.java:64)
at java.base/jdk.internal.reflect.DelegatingMethodAccessorImpl.invoke(DelegatingMethodAccessorImpl.java:43)
at java.base/java.lang.reflect.Method.invoke(Method.java:564)
at org.testng.internal.MethodInvocationHelper.invokeMethod(MethodInvocationHelper.java:133)
at org.testng.internal.TestInvoker.invokeMethod(TestInvoker.java:598)
at org.testng.internal.TestInvoker.invokeTestMethod(TestInvoker.java:173)
at org.testng.internal.MethodRunner.runInSequence(MethodRunner.java:46)
at org.testng.internal.TestInvoker$MethodInvocationAgent.invoke(TestInvoker.java:824)
at org.testng.internal.TestInvoker.invokeTestMethods(TestInvoker.java:146)
at org.testng.internal.TestMethodWorker.invokeTestMethods(TestMethodWorker.java:146)
at org.testng.internal.TestMethodWorker.run(TestMethodWorker.java:128)
at java.base/java.util.ArrayList.forEach(ArrayList.java:1511)
at org.testng.TestRunner.privateRun(TestRunner.java:794)
at org.testng.TestRunner.run(TestRunner.java:596)
at org.testng.SuiteRunner.runTest(SuiteRunner.java:377)
at org.testng.SuiteRunner.runSequentially(SuiteRunner.java:371)
at org.testng.SuiteRunner.privateRun(SuiteRunner.java:332)
at org.testng.SuiteRunner.run(SuiteRunner.java:276)
at org.testng.SuiteRunnerWorker.runSuite(SuiteRunnerWorker.java:53)
at org.testng.SuiteRunnerWorker.run(SuiteRunnerWorker.java:96)
at org.testng.TestNG.runSuitesSequentially(TestNG.java:1212)
at org.testng.TestNG.runSuitesLocally(TestNG.java:1134)
at org.testng.TestNG.runSuites(TestNG.java:1063)
at org.testng.TestNG.run(TestNG.java:1031)
at org.testng.remote.AbstractRemoteTestNG.run(AbstractRemoteTestNG.java:115)
at org.testng.remote.RemoteTestNG.initAndRun(RemoteTestNG.java:251)
at org.testng.remote.RemoteTestNG.main(RemoteTestNG.java:77)
]]>
            </full-stacktrace>
          </exception> <!-- org.openqa.selenium.NoSuchElementException -->
          <reporter-output>
          </reporter-output>
        </test-method> <!-- addAgentsTest -->
        <test-method is-config="true" signature="afterMethod()[pri:0, instance:com.qa.tests.AgentPageTest@71a8adcf]" started-at="2021-11-26T17:10:47 GMT-04:00" name="afterMethod" finished-at="2021-11-26T17:10:48 GMT-04:00" duration-ms="805" status="PASS">
          <reporter-output>
          </reporter-output>
        </test-method> <!-- afterMethod -->
        <test-method is-config="true" signature="beforeMethod()[pri:0, instance:com.qa.tests.AgentPageTest@71a8adcf]" started-at="2021-11-26T17:10:48 GMT-04:00" name="beforeMethod" finished-at="2021-11-26T17:10:56 GMT-04:00" duration-ms="7693" status="PASS">
          <reporter-output>
          </reporter-output>
        </test-method> <!-- beforeMethod -->
        <test-method signature="addAgentsTest(java.lang.String,java.lang.String,java.lang.String,java.lang.String,java.lang.String)[pri:0, instance:com.qa.tests.AgentPageTest@71a8adcf]" started-at="2021-11-26T17:10:56 GMT-04:00" name="addAgentsTest" data-provider="agentData" finished-at="2021-11-26T17:11:22 GMT-04:00" duration-ms="26465" status="FAIL">
          <params>
            <param index="0">
              <value>
                <![CDATA[Test2]]>
              </value>
            </param>
            <param index="1">
              <value>
                <![CDATA[User2]]>
              </value>
            </param>
            <param index="2">
              <value>
                <![CDATA[test2@gmail.com]]>
              </value>
            </param>
            <param index="3">
              <value>
                <![CDATA[test1234567]]>
              </value>
            </param>
            <param index="4">
              <value>
                <![CDATA[AF]]>
              </value>
            </param>
          </params>
          <exception class="org.openqa.selenium.NoSuchElementException">
            <message>
              <![CDATA[Unable to locate element: #\/\/div\[\@id\=\'s2id_autogen1\'\]
For documentation on this error, please visit: https://selenium.dev/exceptions/#no_such_element
Build info: version: '4.0.0', revision: '3a21814679'
System info: host: 'Amits-MBP.hitronhub.home', ip: '192.168.0.21', os.name: 'Mac OS X', os.arch: 'x86_64', os.version: '10.15.7', java.version: '15.0.1'
Driver info: org.openqa.selenium.firefox.FirefoxDriver
Command: [0e6eb80b-589f-e74a-90c8-0cbc42540819, findElement {using=id, value=//div[@id='s2id_autogen1']}]
Capabilities {acceptInsecureCerts: true, browserName: firefox, browserVersion: 94.0.1, javascriptEnabled: true, moz:accessibilityChecks: false, moz:buildID: 20211103134640, moz:debuggerAddress: localhost:58934, moz:geckodriverVersion: 0.30.0, moz:headless: false, moz:processID: 2011, moz:profile: /var/folders/w0/3l79sfr911v..., moz:shutdownTimeout: 60000, moz:useNonSpecCompliantPointerOrigin: false, moz:webdriverClick: true, pageLoadStrategy: normal, platform: MAC, platformName: MAC, platformVersion: 19.6.0, proxy: Proxy(), se:cdp: ws://localhost:58934/devtoo..., se:cdpVersion: 85, setWindowRect: true, strictFileInteractability: false, timeouts: {implicit: 0, pageLoad: 300000, script: 30000}, unhandledPromptBehavior: dismiss and notify}
Session ID: 0e6eb80b-589f-e74a-90c8-0cbc42540819]]>
            </message>
            <full-stacktrace>
              <![CDATA[org.openqa.selenium.NoSuchElementException: Unable to locate element: #\/\/div\[\@id\=\'s2id_autogen1\'\]
For documentation on this error, please visit: https://selenium.dev/exceptions/#no_such_element
Build info: version: '4.0.0', revision: '3a21814679'
System info: host: 'Amits-MBP.hitronhub.home', ip: '192.168.0.21', os.name: 'Mac OS X', os.arch: 'x86_64', os.version: '10.15.7', java.version: '15.0.1'
Driver info: org.openqa.selenium.firefox.FirefoxDriver
Command: [0e6eb80b-589f-e74a-90c8-0cbc42540819, findElement {using=id, value=//div[@id='s2id_autogen1']}]
Capabilities {acceptInsecureCerts: true, browserName: firefox, browserVersion: 94.0.1, javascriptEnabled: true, moz:accessibilityChecks: false, moz:buildID: 20211103134640, moz:debuggerAddress: localhost:58934, moz:geckodriverVersion: 0.30.0, moz:headless: false, moz:processID: 2011, moz:profile: /var/folders/w0/3l79sfr911v..., moz:shutdownTimeout: 60000, moz:useNonSpecCompliantPointerOrigin: false, moz:webdriverClick: true, pageLoadStrategy: normal, platform: MAC, platformName: MAC, platformVersion: 19.6.0, proxy: Proxy(), se:cdp: ws://localhost:58934/devtoo..., se:cdpVersion: 85, setWindowRect: true, strictFileInteractability: false, timeouts: {implicit: 0, pageLoad: 300000, script: 30000}, unhandledPromptBehavior: dismiss and notify}
Session ID: 0e6eb80b-589f-e74a-90c8-0cbc42540819
at java.base/jdk.internal.reflect.NativeConstructorAccessorImpl.newInstance0(Native Method)
at java.base/jdk.internal.reflect.NativeConstructorAccessorImpl.newInstance(NativeConstructorAccessorImpl.java:64)
at java.base/jdk.internal.reflect.DelegatingConstructorAccessorImpl.newInstance(DelegatingConstructorAccessorImpl.java:45)
at java.base/java.lang.reflect.Constructor.newInstanceWithCaller(Constructor.java:500)
at java.base/java.lang.reflect.Constructor.newInstance(Constructor.java:481)
at org.openqa.selenium.remote.codec.w3c.W3CHttpResponseCodec.createException(W3CHttpResponseCodec.java:200)
at org.openqa.selenium.remote.codec.w3c.W3CHttpResponseCodec.decode(W3CHttpResponseCodec.java:133)
at org.openqa.selenium.remote.codec.w3c.W3CHttpResponseCodec.decode(W3CHttpResponseCodec.java:53)
at org.openqa.selenium.remote.HttpCommandExecutor.execute(HttpCommandExecutor.java:184)
at org.openqa.selenium.remote.service.DriverCommandExecutor.invokeExecute(DriverCommandExecutor.java:164)
at org.openqa.selenium.remote.service.DriverCommandExecutor.execute(DriverCommandExecutor.java:139)
at org.openqa.selenium.remote.RemoteWebDriver.execute(RemoteWebDriver.java:559)
at org.openqa.selenium.remote.ElementLocation$ElementFinder$2.findElement(ElementLocation.java:162)
at org.openqa.selenium.remote.ElementLocation.findElement(ElementLocation.java:66)
at org.openqa.selenium.remote.RemoteWebDriver.findElement(RemoteWebDriver.java:383)
at org.openqa.selenium.remote.RemoteWebDriver.findElement(RemoteWebDriver.java:375)
at com.qa.pages.AgentPage.addAgentData(AgentPage.java:48)
at com.qa.tests.AgentPageTest.addAgentsTest(AgentPageTest.java:52)
at java.base/jdk.internal.reflect.NativeMethodAccessorImpl.invoke0(Native Method)
at java.base/jdk.internal.reflect.NativeMethodAccessorImpl.invoke(NativeMethodAccessorImpl.java:64)
at java.base/jdk.internal.reflect.DelegatingMethodAccessorImpl.invoke(DelegatingMethodAccessorImpl.java:43)
at java.base/java.lang.reflect.Method.invoke(Method.java:564)
at org.testng.internal.MethodInvocationHelper.invokeMethod(MethodInvocationHelper.java:133)
at org.testng.internal.TestInvoker.invokeMethod(TestInvoker.java:598)
at org.testng.internal.TestInvoker.invokeTestMethod(TestInvoker.java:173)
at org.testng.internal.MethodRunner.runInSequence(MethodRunner.java:46)
at org.testng.internal.TestInvoker$MethodInvocationAgent.invoke(TestInvoker.java:824)
at org.testng.internal.TestInvoker.invokeTestMethods(TestInvoker.java:146)
at org.testng.internal.TestMethodWorker.invokeTestMethods(TestMethodWorker.java:146)
at org.testng.internal.TestMethodWorker.run(TestMethodWorker.java:128)
at java.base/java.util.ArrayList.forEach(ArrayList.java:1511)
at org.testng.TestRunner.privateRun(TestRunner.java:794)
at org.testng.TestRunner.run(TestRunner.java:596)
at org.testng.SuiteRunner.runTest(SuiteRunner.java:377)
at org.testng.SuiteRunner.runSequentially(SuiteRunner.java:371)
at org.testng.SuiteRunner.privateRun(SuiteRunner.java:332)
at org.testng.SuiteRunner.run(SuiteRunner.java:276)
at org.testng.SuiteRunnerWorker.runSuite(SuiteRunnerWorker.java:53)
at org.testng.SuiteRunnerWorker.run(SuiteRunnerWorker.java:96)
at org.testng.TestNG.runSuitesSequentially(TestNG.java:1212)
at org.testng.TestNG.runSuitesLocally(TestNG.java:1134)
at org.testng.TestNG.runSuites(TestNG.java:1063)
at org.testng.TestNG.run(TestNG.java:1031)
at org.testng.remote.AbstractRemoteTestNG.run(AbstractRemoteTestNG.java:115)
at org.testng.remote.RemoteTestNG.initAndRun(RemoteTestNG.java:251)
at org.testng.remote.RemoteTestNG.main(RemoteTestNG.java:77)
]]>
            </full-stacktrace>
          </exception> <!-- org.openqa.selenium.NoSuchElementException -->
          <reporter-output>
          </reporter-output>
        </test-method> <!-- addAgentsTest -->
        <test-method is-config="true" signature="afterMethod()[pri:0, instance:com.qa.tests.AgentPageTest@71a8adcf]" started-at="2021-11-26T17:11:22 GMT-04:00" name="afterMethod" finished-at="2021-11-26T17:11:23 GMT-04:00" duration-ms="899" status="PASS">
          <reporter-output>
          </reporter-output>
        </test-method> <!-- afterMethod -->
        <test-method is-config="true" signature="beforeMethod()[pri:0, instance:com.qa.tests.AgentPageTest@71a8adcf]" started-at="2021-11-26T17:11:23 GMT-04:00" name="beforeMethod" finished-at="2021-11-26T17:11:30 GMT-04:00" duration-ms="7036" status="PASS">
          <reporter-output>
          </reporter-output>
        </test-method> <!-- beforeMethod -->
        <test-method signature="agentPageTitleTest()[pri:0, instance:com.qa.tests.AgentPageTest@71a8adcf]" started-at="2021-11-26T17:11:30 GMT-04:00" name="agentPageTitleTest" finished-at="2021-11-26T17:11:30 GMT-04:00" duration-ms="58" status="PASS">
          <reporter-output>
          </reporter-output>
        </test-method> <!-- agentPageTitleTest -->
        <test-method is-config="true" signature="afterMethod()[pri:0, instance:com.qa.tests.AgentPageTest@71a8adcf]" started-at="2021-11-26T17:11:30 GMT-04:00" name="afterMethod" finished-at="2021-11-26T17:11:31 GMT-04:00" duration-ms="859" status="PASS">
          <reporter-output>
          </reporter-output>
        </test-method> <!-- afterMethod -->
      </class> <!-- com.qa.tests.AgentPageTest -->
      <class name="com.qa.tests.LoginPageTest">
        <test-method is-config="true" signature="setUp()[pri:0, instance:com.qa.tests.LoginPageTest@1e04fa0a]" started-at="2021-11-26T17:09:18 GMT-04:00" name="setUp" finished-at="2021-11-26T17:09:29 GMT-04:00" duration-ms="10826" status="PASS">
          <reporter-output>
          </reporter-output>
        </test-method> <!-- setUp -->
        <test-method signature="loginPageTitleTest()[pri:0, instance:com.qa.tests.LoginPageTest@1e04fa0a]" started-at="2021-11-26T17:09:29 GMT-04:00" name="loginPageTitleTest" finished-at="2021-11-26T17:09:29 GMT-04:00" duration-ms="41" status="PASS">
          <reporter-output>
          </reporter-output>
        </test-method> <!-- loginPageTitleTest -->
        <test-method is-config="true" signature="afterMethod()[pri:0, instance:com.qa.tests.LoginPageTest@1e04fa0a]" started-at="2021-11-26T17:09:29 GMT-04:00" name="afterMethod" finished-at="2021-11-26T17:09:30 GMT-04:00" duration-ms="1070" status="PASS">
          <reporter-output>
          </reporter-output>
        </test-method> <!-- afterMethod -->
        <test-method is-config="true" signature="setUp()[pri:0, instance:com.qa.tests.LoginPageTest@1e04fa0a]" started-at="2021-11-26T17:09:30 GMT-04:00" name="setUp" finished-at="2021-11-26T17:09:35 GMT-04:00" duration-ms="4959" status="PASS">
          <reporter-output>
          </reporter-output>
        </test-method> <!-- setUp -->
        <test-method signature="loignTest()[pri:0, instance:com.qa.tests.LoginPageTest@1e04fa0a]" started-at="2021-11-26T17:09:35 GMT-04:00" name="loignTest" finished-at="2021-11-26T17:09:38 GMT-04:00" duration-ms="3114" status="PASS">
          <reporter-output>
          </reporter-output>
        </test-method> <!-- loignTest -->
        <test-method is-config="true" signature="afterMethod()[pri:0, instance:com.qa.tests.LoginPageTest@1e04fa0a]" started-at="2021-11-26T17:09:38 GMT-04:00" name="afterMethod" finished-at="2021-11-26T17:09:39 GMT-04:00" duration-ms="965" status="PASS">
          <reporter-output>
          </reporter-output>
        </test-method> <!-- afterMethod -->
      </class> <!-- com.qa.tests.LoginPageTest -->
    </test> <!-- Travel App Testcases -->
  </suite> <!-- PHPTravel -->
</testng-results>
